<?xml version="1.0" encoding="UTF-8"?>
<testng-results ignored="0" total="1" passed="1" failed="0" skipped="0">
  <reporter-output>
  </reporter-output>
  <suite started-at="2023-08-08T16:33:21 IST" name="Default suite" finished-at="2023-08-08T16:33:34 IST" duration-ms="12752">
    <groups>
    </groups>
    <test started-at="2023-08-08T16:33:21 IST" name="Default test" finished-at="2023-08-08T16:33:34 IST" duration-ms="12752">
      <class name="com.actitime.testscript.DemoScreenshot">
        <test-method signature="screenshot()[pri:0, instance:com.actitime.testscript.DemoScreenshot@72d1ad2e]" started-at="2023-08-08T16:33:21 IST" name="screenshot" finished-at="2023-08-08T16:33:34 IST" duration-ms="12664" status="PASS">
          <reporter-output>
          </reporter-output>
        </test-method> <!-- screenshot -->
      </class> <!-- com.actitime.testscript.DemoScreenshot -->
    </test> <!-- Default test -->
  </suite> <!-- Default suite -->
</testng-results>
